<?xml version="1.0" encoding="UTF-8"?>
<testng-results ignored="0" total="1" passed="1" failed="0" skipped="0">
  <reporter-output>
  </reporter-output>
  <suite started-at="2023-02-10T09:49:01 IST" name="Default suite" finished-at="2023-02-10T09:49:08 IST" duration-ms="7780">
    <groups>
    </groups>
    <test started-at="2023-02-10T09:49:01 IST" name="Default test" finished-at="2023-02-10T09:49:08 IST" duration-ms="7780">
      <class name="org.web.automation.testcases.TC001_Registration_Radio_SelectTag">
        <test-method is-config="true" signature="startBrowser()[pri:0, instance:org.web.automation.testcases.TC001_Registration_Radio_SelectTag@a514af7]" started-at="2023-02-10T09:49:01 IST" name="startBrowser" finished-at="2023-02-10T09:49:02 IST" duration-ms="1771" status="PASS">
          <reporter-output>
          </reporter-output>
        </test-method> <!-- startBrowser -->
        <test-method signature="TC001()[pri:0, instance:org.web.automation.testcases.TC001_Registration_Radio_SelectTag@a514af7]" started-at="2023-02-10T09:49:02 IST" name="TC001" finished-at="2023-02-10T09:49:08 IST" duration-ms="5755" status="PASS">
          <reporter-output>
          </reporter-output>
        </test-method> <!-- TC001 -->
        <test-method is-config="true" signature="closeBrowser()[pri:0, instance:org.web.automation.testcases.TC001_Registration_Radio_SelectTag@a514af7]" started-at="2023-02-10T09:49:08 IST" name="closeBrowser" finished-at="2023-02-10T09:49:08 IST" duration-ms="219" status="PASS">
          <reporter-output>
          </reporter-output>
        </test-method> <!-- closeBrowser -->
      </class> <!-- org.web.automation.testcases.TC001_Registration_Radio_SelectTag -->
    </test> <!-- Default test -->
  </suite> <!-- Default suite -->
</testng-results>
