<?xml version="1.0" encoding="UTF-8"?>
<testng-results ignored="0" total="1" passed="1" failed="0" skipped="0">
  <reporter-output>
  </reporter-output>
  <suite started-at="2023-02-12T08:46:42 IST" name="Default suite" finished-at="2023-02-12T08:46:54 IST" duration-ms="11873">
    <groups>
    </groups>
    <test started-at="2023-02-12T08:46:42 IST" name="Default test" finished-at="2023-02-12T08:46:54 IST" duration-ms="11873">
      <class name="org.web.automation.testcases.TC001_Registration_Radio_SelectTag">
        <test-method is-config="true" signature="startBrowser()[pri:0, instance:org.web.automation.testcases.TC001_Registration_Radio_SelectTag@4f6ee6e4]" started-at="2023-02-12T08:46:42 IST" name="startBrowser" finished-at="2023-02-12T08:46:44 IST" duration-ms="1776" status="PASS">
          <reporter-output>
          </reporter-output>
        </test-method> <!-- startBrowser -->
        <test-method signature="TC001()[pri:0, instance:org.web.automation.testcases.TC001_Registration_Radio_SelectTag@4f6ee6e4]" started-at="2023-02-12T08:46:44 IST" name="TC001" finished-at="2023-02-12T08:46:54 IST" duration-ms="10066" status="PASS">
          <reporter-output>
          </reporter-output>
        </test-method> <!-- TC001 -->
      </class> <!-- org.web.automation.testcases.TC001_Registration_Radio_SelectTag -->
    </test> <!-- Default test -->
  </suite> <!-- Default suite -->
</testng-results>
